<?xml version="1.0" encoding="UTF-8"?>
<!-- Generated by org.testng.reporters.JUnitXMLReporter -->
<testsuite ignored="0" hostname="LTIN609482" failures="2" tests="3" name="Hackathon" time="121.72" errors="0" timestamp="2025-07-25T13:11:23 IST">
  <testcase classname="com.cts.hackathonproject.testrunners.TestScenario2" name="verifyIfExploreCategoriesPageIsPresent" time="45.35"/>
  <testcase classname="com.cts.hackathonproject.testrunners.TestScenario2" name="verifyIfAllOptionsAreDisplayed" time="48.271">
    <failure type="java.lang.AssertionError" message="All options are not displayed expected [true] but found [false]">
      <![CDATA[java.lang.AssertionError: All options are not displayed expected [true] but found [false]
at com.cts.hackathonproject.testrunners.TestScenario2.verifyIfAllOptionsAreDisplayed(TestScenario2.java:75)
at java.base/java.util.ArrayList.forEach(ArrayList.java:1596)
at com.intellij.rt.testng.IDEARemoteTestNG.run(IDEARemoteTestNG.java:65)
at com.intellij.rt.testng.RemoteTestNGStarter.main(RemoteTestNGStarter.java:105)
... Removed 25 stack frames]]>
    </failure>
  </testcase> <!-- verifyIfAllOptionsAreDisplayed -->
  <testcase classname="com.cts.hackathonproject.testrunners.TestScenario2" name="verifyIfAllOptionsAreDisplayed" time="61.999">
    <failure type="java.lang.NullPointerException" message="Cannot invoke &amp;quot;org.openqa.selenium.TakesScreenshot.getScreenshotAs(org.openqa.selenium.OutputType)&amp;quot; because &amp;quot;tss&amp;quot; is null">
      <![CDATA[java.lang.NullPointerException: Cannot invoke "org.openqa.selenium.TakesScreenshot.getScreenshotAs(org.openqa.selenium.OutputType)" because "tss" is null
at com.cts.hackathonproject.utils.seleniumutils.ScreenShotUtil.takeScreenShot(ScreenShotUtil.java:21)
at com.cts.hackathonproject.listeners.MyListeners.onTestFailure(MyListeners.java:106)
at java.base/java.util.ArrayList.forEach(ArrayList.java:1596)
at com.intellij.rt.testng.IDEARemoteTestNG.run(IDEARemoteTestNG.java:65)
at com.intellij.rt.testng.RemoteTestNGStarter.main(RemoteTestNGStarter.java:105)
... Removed 21 stack frames]]>
    </failure>
  </testcase> <!-- verifyIfAllOptionsAreDisplayed -->
</testsuite> <!-- Hackathon -->
