<?xml version="1.0" encoding="UTF-8"?>
<!-- Generated by org.testng.reporters.JUnitXMLReporter -->
<testsuite ignored="0" hostname="LTIN611913" failures="0" tests="7" name="Hackathon" time="828.244" errors="0" timestamp="2025-07-25T15:15:09 IST">
  <testcase classname="com.cts.hackathonproject.testrunners.TestScenario2" name="verifyIfExploreCategoriesPageIsPresent" time="35.97"/>
  <testcase classname="com.cts.hackathonproject.testrunners.TestScenario2" name="verifyIfAllOptionsAreDisplayed" time="63.101"/>
  <testcase classname="com.cts.hackathonproject.testrunners.TestScenario2" name="clickOnRequiredCategory" time="97.214"/>
  <testcase classname="com.cts.hackathonproject.testrunners.TestScenario2" name="extractListOfLanguagesOffered" time="98.419"/>
  <testcase classname="com.cts.hackathonproject.testrunners.TestScenario2" name="extractLevelsPerLanguage" time="103.325"/>
  <testcase classname="com.cts.hackathonproject.testrunners.TestScenario2" name="getCountOfLanguages" time="100.49"/>
  <testcase classname="com.cts.hackathonproject.testrunners.TestScenario2" name="getCountOfLevels" time="160.727"/>
</testsuite> <!-- Hackathon -->
