<?xml version="1.0" encoding="UTF-8"?>
<testng-results ignored="0" total="7" passed="7" failed="0" skipped="0">
  <reporter-output>
  </reporter-output>
  <suite started-at="2025-07-25T12:50:57 IST" name="Default Suite" finished-at="2025-07-25T12:54:20 IST" duration-ms="202767">
    <groups>
    </groups>
    <test started-at="2025-07-25T12:50:57 IST" name="Hackathon" finished-at="2025-07-25T12:54:20 IST" duration-ms="202767">
      <class name="com.cts.hackathonproject.testrunners.TestScenario3">
        <test-method is-config="true" signature="preSetUp()[pri:0, instance:com.cts.hackathonproject.testrunners.TestScenario3@14dd9eb7]" started-at="2025-07-25T12:50:59 IST" name="preSetUp" finished-at="2025-07-25T12:51:11 IST" duration-ms="12607" status="PASS">
          <reporter-output>
          </reporter-output>
        </test-method> <!-- preSetUp -->
        <test-method signature="checkIfEnterpriseIsPresent([Ljava.lang.String;)[pri:0, instance:com.cts.hackathonproject.testrunners.TestScenario3@14dd9eb7]" started-at="2025-07-25T12:51:11 IST" name="checkIfEnterpriseIsPresent" data-provider="hdp" finished-at="2025-07-25T12:51:18 IST" duration-ms="6955" status="PASS">
          <params>
            <param index="0">
              <value>
                <![CDATA[[Ljava.lang.String;@40e37b06]]>
              </value>
            </param>
          </params>
          <reporter-output>
          </reporter-output>
        </test-method> <!-- checkIfEnterpriseIsPresent -->
        <test-method is-config="true" signature="closeBrowser()[pri:0, instance:com.cts.hackathonproject.testrunners.TestScenario3@14dd9eb7]" started-at="2025-07-25T12:51:18 IST" name="closeBrowser" finished-at="2025-07-25T12:51:19 IST" duration-ms="526" status="PASS">
          <reporter-output>
          </reporter-output>
        </test-method> <!-- closeBrowser -->
        <test-method is-config="true" signature="preSetUp()[pri:0, instance:com.cts.hackathonproject.testrunners.TestScenario3@14dd9eb7]" started-at="2025-07-25T12:51:19 IST" name="preSetUp" finished-at="2025-07-25T12:51:29 IST" duration-ms="10519" status="PASS">
          <reporter-output>
          </reporter-output>
        </test-method> <!-- preSetUp -->
        <test-method signature="debug()[pri:0, instance:com.cts.hackathonproject.testrunners.TestScenario3@14dd9eb7]" started-at="2025-07-25T12:51:29 IST" name="debug" finished-at="2025-07-25T12:51:52 IST" duration-ms="22431" status="PASS">
          <reporter-output>
          </reporter-output>
        </test-method> <!-- debug -->
        <test-method is-config="true" signature="closeBrowser()[pri:0, instance:com.cts.hackathonproject.testrunners.TestScenario3@14dd9eb7]" started-at="2025-07-25T12:51:52 IST" name="closeBrowser" finished-at="2025-07-25T12:51:53 IST" duration-ms="1470" status="PASS">
          <reporter-output>
          </reporter-output>
        </test-method> <!-- closeBrowser -->
        <test-method is-config="true" signature="preSetUp()[pri:0, instance:com.cts.hackathonproject.testrunners.TestScenario3@14dd9eb7]" started-at="2025-07-25T12:51:53 IST" name="preSetUp" finished-at="2025-07-25T12:52:04 IST" duration-ms="11094" status="PASS">
          <reporter-output>
          </reporter-output>
        </test-method> <!-- preSetUp -->
        <test-method signature="verifyClickActionOnForEnterpriseOption([Ljava.lang.String;)[pri:1, instance:com.cts.hackathonproject.testrunners.TestScenario3@14dd9eb7]" started-at="2025-07-25T12:52:04 IST" name="verifyClickActionOnForEnterpriseOption" data-provider="hdp" finished-at="2025-07-25T12:52:19 IST" duration-ms="14893" status="PASS">
          <params>
            <param index="0">
              <value>
                <![CDATA[[Ljava.lang.String;@67332b1e]]>
              </value>
            </param>
          </params>
          <reporter-output>
          </reporter-output>
        </test-method> <!-- verifyClickActionOnForEnterpriseOption -->
        <test-method is-config="true" signature="closeBrowser()[pri:0, instance:com.cts.hackathonproject.testrunners.TestScenario3@14dd9eb7]" started-at="2025-07-25T12:52:19 IST" name="closeBrowser" finished-at="2025-07-25T12:52:20 IST" duration-ms="348" status="PASS">
          <reporter-output>
          </reporter-output>
        </test-method> <!-- closeBrowser -->
        <test-method is-config="true" signature="preSetUp()[pri:0, instance:com.cts.hackathonproject.testrunners.TestScenario3@14dd9eb7]" started-at="2025-07-25T12:52:20 IST" name="preSetUp" finished-at="2025-07-25T12:52:32 IST" duration-ms="11853" status="PASS">
          <reporter-output>
          </reporter-output>
        </test-method> <!-- preSetUp -->
        <test-method signature="clickOnForEnterpriseOption([Ljava.lang.String;)[pri:2, instance:com.cts.hackathonproject.testrunners.TestScenario3@14dd9eb7]" started-at="2025-07-25T12:52:32 IST" name="clickOnForEnterpriseOption" data-provider="hdp" finished-at="2025-07-25T12:52:49 IST" duration-ms="17265" status="PASS">
          <params>
            <param index="0">
              <value>
                <![CDATA[[Ljava.lang.String;@5ba90d8a]]>
              </value>
            </param>
          </params>
          <reporter-output>
          </reporter-output>
        </test-method> <!-- clickOnForEnterpriseOption -->
        <test-method is-config="true" signature="closeBrowser()[pri:0, instance:com.cts.hackathonproject.testrunners.TestScenario3@14dd9eb7]" started-at="2025-07-25T12:52:49 IST" name="closeBrowser" finished-at="2025-07-25T12:52:49 IST" duration-ms="372" status="PASS">
          <reporter-output>
          </reporter-output>
        </test-method> <!-- closeBrowser -->
        <test-method is-config="true" signature="preSetUp()[pri:0, instance:com.cts.hackathonproject.testrunners.TestScenario3@14dd9eb7]" started-at="2025-07-25T12:52:49 IST" name="preSetUp" finished-at="2025-07-25T12:53:00 IST" duration-ms="10489" status="PASS">
          <reporter-output>
          </reporter-output>
        </test-method> <!-- preSetUp -->
        <test-method signature="verifyFormPresenceInEnterprisePage([Ljava.lang.String;)[pri:3, instance:com.cts.hackathonproject.testrunners.TestScenario3@14dd9eb7]" started-at="2025-07-25T12:53:00 IST" name="verifyFormPresenceInEnterprisePage" data-provider="hdp" finished-at="2025-07-25T12:53:15 IST" duration-ms="14838" status="PASS">
          <params>
            <param index="0">
              <value>
                <![CDATA[[Ljava.lang.String;@c1e14f]]>
              </value>
            </param>
          </params>
          <reporter-output>
          </reporter-output>
        </test-method> <!-- verifyFormPresenceInEnterprisePage -->
        <test-method is-config="true" signature="closeBrowser()[pri:0, instance:com.cts.hackathonproject.testrunners.TestScenario3@14dd9eb7]" started-at="2025-07-25T12:53:15 IST" name="closeBrowser" finished-at="2025-07-25T12:53:15 IST" duration-ms="361" status="PASS">
          <reporter-output>
          </reporter-output>
        </test-method> <!-- closeBrowser -->
        <test-method is-config="true" signature="preSetUp()[pri:0, instance:com.cts.hackathonproject.testrunners.TestScenario3@14dd9eb7]" started-at="2025-07-25T12:53:15 IST" name="preSetUp" finished-at="2025-07-25T12:53:27 IST" duration-ms="11663" status="PASS">
          <reporter-output>
          </reporter-output>
        </test-method> <!-- preSetUp -->
        <test-method signature="validateMandatoryFieldErrorOnFormBasedOnEmail([Ljava.lang.String;)[pri:5, instance:com.cts.hackathonproject.testrunners.TestScenario3@14dd9eb7]" started-at="2025-07-25T12:53:27 IST" name="validateMandatoryFieldErrorOnFormBasedOnEmail" data-provider="hdp" finished-at="2025-07-25T12:53:47 IST" duration-ms="20615" status="PASS">
          <params>
            <param index="0">
              <value>
                <![CDATA[[Ljava.lang.String;@446e7065]]>
              </value>
            </param>
          </params>
          <reporter-output>
          </reporter-output>
        </test-method> <!-- validateMandatoryFieldErrorOnFormBasedOnEmail -->
        <test-method is-config="true" signature="closeBrowser()[pri:0, instance:com.cts.hackathonproject.testrunners.TestScenario3@14dd9eb7]" started-at="2025-07-25T12:53:47 IST" name="closeBrowser" finished-at="2025-07-25T12:53:48 IST" duration-ms="545" status="PASS">
          <reporter-output>
          </reporter-output>
        </test-method> <!-- closeBrowser -->
        <test-method is-config="true" signature="preSetUp()[pri:0, instance:com.cts.hackathonproject.testrunners.TestScenario3@14dd9eb7]" started-at="2025-07-25T12:53:48 IST" name="preSetUp" finished-at="2025-07-25T12:53:59 IST" duration-ms="10865" status="PASS">
          <reporter-output>
          </reporter-output>
        </test-method> <!-- preSetUp -->
        <test-method signature="validateMandatoryFieldErrorOnFormBasedOnPhoneNumber([Ljava.lang.String;)[pri:6, instance:com.cts.hackathonproject.testrunners.TestScenario3@14dd9eb7]" started-at="2025-07-25T12:53:59 IST" name="validateMandatoryFieldErrorOnFormBasedOnPhoneNumber" data-provider="hdp" finished-at="2025-07-25T12:54:19 IST" duration-ms="20167" status="PASS">
          <params>
            <param index="0">
              <value>
                <![CDATA[[Ljava.lang.String;@69ec93c2]]>
              </value>
            </param>
          </params>
          <reporter-output>
          </reporter-output>
        </test-method> <!-- validateMandatoryFieldErrorOnFormBasedOnPhoneNumber -->
        <test-method is-config="true" signature="closeBrowser()[pri:0, instance:com.cts.hackathonproject.testrunners.TestScenario3@14dd9eb7]" started-at="2025-07-25T12:54:19 IST" name="closeBrowser" finished-at="2025-07-25T12:54:20 IST" duration-ms="611" status="PASS">
          <reporter-output>
          </reporter-output>
        </test-method> <!-- closeBrowser -->
      </class> <!-- com.cts.hackathonproject.testrunners.TestScenario3 -->
    </test> <!-- Hackathon -->
  </suite> <!-- Default Suite -->
</testng-results>
